[debug] [2020-03-31T19:06:07.100Z] ----------------------------------------------------------------------
[debug] [2020-03-31T19:06:07.105Z] Command:       /usr/local/bin/node /usr/local/bin/firebase serve
[debug] [2020-03-31T19:06:07.105Z] CLI Version:   7.16.1
[debug] [2020-03-31T19:06:07.106Z] Platform:      linux
[debug] [2020-03-31T19:06:07.106Z] Node Version:  v13.8.0
[debug] [2020-03-31T19:06:07.107Z] Time:          Tue Mar 31 2020 13:06:07 GMT-0600 (Mountain Daylight Time)
[debug] [2020-03-31T19:06:07.107Z] ----------------------------------------------------------------------
[debug] [2020-03-31T19:06:07.107Z] 
[debug] [2020-03-31T19:06:07.130Z] > command requires scopes: ["email","openid","https://www.googleapis.com/auth/cloudplatformprojects.readonly","https://www.googleapis.com/auth/firebase","https://www.googleapis.com/auth/cloud-platform"]
[debug] [2020-03-31T19:06:07.131Z] > authorizing via signed-in user
[debug] [2020-03-31T19:06:07.131Z] [iam] checking project fir-auth-jekyll for permissions ["firebase.projects.get"]
[debug] [2020-03-31T19:06:07.135Z] > refreshing access token with scopes: ["email","https://www.googleapis.com/auth/cloud-platform","https://www.googleapis.com/auth/cloudplatformprojects.readonly","https://www.googleapis.com/auth/firebase","openid"]
[debug] [2020-03-31T19:06:07.136Z] >>> HTTP REQUEST POST https://www.googleapis.com/oauth2/v3/token  
 <request body omitted>
[debug] [2020-03-31T19:06:07.314Z] <<< HTTP RESPONSE 200
[debug] [2020-03-31T19:06:07.356Z] >>> HTTP REQUEST POST https://cloudresourcemanager.googleapis.com/v1/projects/fir-auth-jekyll:testIamPermissions  

[debug] [2020-03-31T19:06:07.636Z] <<< HTTP RESPONSE 200
[debug] [2020-03-31T19:06:07.642Z] >>> HTTP REQUEST GET https://firebase.googleapis.com/v1beta1/projects/fir-auth-jekyll  
 
[debug] [2020-03-31T19:06:07.813Z] <<< HTTP RESPONSE 200
[info] 
[info] === Serving from '/var/www/html/Jekyll/Firebase-Auth'...
[info] 
[debug] [2020-03-31T19:06:07.827Z] >>> HTTP REQUEST GET https://firebase.googleapis.com/v1beta1/projects/fir-auth-jekyll/webApps/-/config  
 
[warn] ⚠  Your requested "node" version "8" doesn't match your global version "13"
[info] ✔  functions: functions emulator started at http://localhost:5001
[debug] [2020-03-31T19:06:08.125Z] <<< HTTP RESPONSE 200
[info] i  functions: Watching "/var/www/html/Jekyll/Firebase-Auth/functions" for Cloud Functions...
[debug] [2020-03-31T19:06:08.248Z] [worker-pool] addWorker(~diagnostic~)
[debug] [2020-03-31T19:06:08.249Z] [worker-pool] Adding worker with key ~diagnostic~, total=1
[debug] [2020-03-31T19:06:08.249Z] [worker-pool] submitWork(triggerId=)
[debug] [2020-03-31T19:06:08.250Z] [worker-~diagnostic~-eb0cf20c-4244-4c30-a19f-25f1c77411a6]: Assigning socketPath: /tmp/fire_emu_24255.sock
[debug] [2020-03-31T19:06:08.251Z] [worker-~diagnostic~-eb0cf20c-4244-4c30-a19f-25f1c77411a6]: BUSY
[info] i  hosting: Serving hosting files from: _site
[info] ✔  hosting: Local server: http://localhost:5000
[debug] [2020-03-31T19:06:08.856Z] [runtime-status] [24255] Functions runtime initialized. {"cwd":"/var/www/html/Jekyll/Firebase-Auth/functions","node_version":"13.8.0"}
[debug] [2020-03-31T19:06:08.862Z] [runtime-status] [24255] Disabled runtime features: {"functions_config_helper":true,"network_filtering":true,"timeout":true,"memory_limiting":true,"admin_stubs":true,"pubsub_emulator":true}
[debug] [2020-03-31T19:06:08.864Z] [runtime-status] [24255] Resolved module firebase-admin {"declared":true,"installed":true,"version":"8.9.2","resolution":"/var/www/html/Jekyll/Firebase-Auth/functions/node_modules/firebase-admin/lib/index.js"}
[debug] [2020-03-31T19:06:08.867Z] [runtime-status] [24255] Resolved module firebase-functions {"declared":true,"installed":true,"version":"3.3.0","resolution":"/var/www/html/Jekyll/Firebase-Auth/functions/node_modules/firebase-functions/lib/index.js"}
[warn] ⚠  functions: Your GOOGLE_APPLICATION_CREDENTIALS environment variable points to /var/www/html/Jekyll/Firebase-Auth/assets/json/fir-auth-jekyll-521aae1e6ae2.json. Non-emulated services will access production using these credentials. Be careful!
[debug] [2020-03-31T19:06:08.871Z] [runtime-status] [24255] Resolved module firebase-functions {"declared":true,"installed":true,"version":"3.3.0","resolution":"/var/www/html/Jekyll/Firebase-Auth/functions/node_modules/firebase-functions/lib/index.js"}
[debug] [2020-03-31T19:06:08.979Z] [worker-~diagnostic~-eb0cf20c-4244-4c30-a19f-25f1c77411a6]: IDLE
